build/app/intermediates/manifest_merge_blame_file/release/manifest-merger-blame-release-report.txt
1<?xml version="1.0" encoding="utf-8"?>
2<manifest xmlns:android="http://schemas.android.com/apk/res/android"
3    package="com.african.chamber"
4    android:versionCode="6"
5    android:versionName="1.0.0" >
6
7    <uses-sdk
8        android:minSdkVersion="21"
8-->src\main\AndroidManifest.xml
9        android:targetSdkVersion="30" />
9-->src\main\AndroidManifest.xml
10
11    <uses-permission android:name="android.permission.INTERNET" />
11-->src\main\AndroidManifest.xml:3:9-71
11-->src\main\AndroidManifest.xml:3:26-68
12    <uses-permission android:name="android.permission.READ_EXTERNAL_STORAGE" />
12-->[:file_picker] AndroidManifest.xml:7:5-80
12-->[:file_picker] AndroidManifest.xml:7:22-77
13
14    <queries>
14-->[:file_picker] AndroidManifest.xml:9:5-15:15
15        <intent>
15-->[:file_picker] AndroidManifest.xml:10:9-14:18
16            <action android:name="android.intent.action.GET_CONTENT" />
16-->[:file_picker] AndroidManifest.xml:11:13-72
16-->[:file_picker] AndroidManifest.xml:11:21-69
17
18            <data android:mimeType="*/*" />
18-->[:file_picker] AndroidManifest.xml:13:13-44
18-->[:file_picker] AndroidManifest.xml:13:19-41
19        </intent>
20        <!-- For browser content -->
21        <intent>
21-->[com.google.android.gms:play-services-ads-lite:20.4.0] AndroidManifest.xml:31:9-37:18
22            <action android:name="android.intent.action.VIEW" />
22-->[com.google.firebase:firebase-auth:21.0.1] AndroidManifest.xml:34:17-69
22-->[com.google.firebase:firebase-auth:21.0.1] AndroidManifest.xml:34:25-66
23
24            <category android:name="android.intent.category.BROWSABLE" />
24-->[com.google.firebase:firebase-auth:21.0.1] AndroidManifest.xml:37:17-78
24-->[com.google.firebase:firebase-auth:21.0.1] AndroidManifest.xml:37:27-75
25
26            <data android:scheme="https" />
26-->[:file_picker] AndroidManifest.xml:13:13-44
27        </intent> <!-- End of browser content -->
28        <!-- For CustomTabsService -->
29        <intent>
29-->[com.google.android.gms:play-services-ads-lite:20.4.0] AndroidManifest.xml:40:9-42:18
30            <action android:name="android.support.customtabs.action.CustomTabsService" />
30-->[com.google.android.gms:play-services-ads-lite:20.4.0] AndroidManifest.xml:41:13-90
30-->[com.google.android.gms:play-services-ads-lite:20.4.0] AndroidManifest.xml:41:21-87
31        </intent>
32        <intent>
32-->[androidx.media:media:1.3.1] AndroidManifest.xml:25:9-27:18
33            <action android:name="android.media.browse.MediaBrowserService" />
33-->[androidx.media:media:1.3.1] AndroidManifest.xml:26:13-79
33-->[androidx.media:media:1.3.1] AndroidManifest.xml:26:21-76
34        </intent>
35    </queries>
36
37    <uses-permission android:name="android.permission.RECEIVE_BOOT_COMPLETED" />
37-->[:awesome_notifications] AndroidManifest.xml:7:5-81
37-->[:awesome_notifications] AndroidManifest.xml:7:22-78
38    <uses-permission android:name="android.permission.VIBRATE" />
38-->[:awesome_notifications] AndroidManifest.xml:8:5-66
38-->[:awesome_notifications] AndroidManifest.xml:8:22-63
39    <uses-permission android:name="android.permission.ACCESS_NETWORK_STATE" />
39-->[com.tappx.sdk.android:tappx-sdk:3.2.6] AndroidManifest.xml:12:5-79
39-->[com.tappx.sdk.android:tappx-sdk:3.2.6] AndroidManifest.xml:12:22-76
40    <uses-permission android:name="com.google.android.gms.permission.AD_ID" />
40-->[com.tappx.sdk.android:tappx-sdk:3.2.6] AndroidManifest.xml:13:5-79
40-->[com.tappx.sdk.android:tappx-sdk:3.2.6] AndroidManifest.xml:13:22-76
41    <uses-permission android:name="android.permission.WAKE_LOCK" />
41-->[com.google.android.gms:play-services-measurement-api:20.0.1] AndroidManifest.xml:24:5-68
41-->[com.google.android.gms:play-services-measurement-api:20.0.1] AndroidManifest.xml:24:22-65
42    <uses-permission android:name="android.permission.FOREGROUND_SERVICE" />
42-->[androidx.work:work-runtime:2.7.0] AndroidManifest.xml:28:5-77
42-->[androidx.work:work-runtime:2.7.0] AndroidManifest.xml:28:22-74
43    <uses-permission android:name="com.google.android.finsky.permission.BIND_GET_INSTALL_REFERRER_SERVICE" /> <!-- for android -->
43-->[com.google.android.gms:play-services-measurement:20.0.1] AndroidManifest.xml:26:5-110
43-->[com.google.android.gms:play-services-measurement:20.0.1] AndroidManifest.xml:26:22-107
44    <!-- <uses-permission android:name="com.android.launcher.permission.READ_SETTINGS"/> -->
45    <!-- <uses-permission android:name="com.android.launcher.permission.WRITE_SETTINGS"/> -->
46    <!-- <uses-permission android:name="com.android.launcher.permission.INSTALL_SHORTCUT" /> -->
47    <!-- <uses-permission android:name="com.android.launcher.permission.UNINSTALL_SHORTCUT" /> -->
48    <!-- for Samsung -->
49    <uses-permission android:name="com.sec.android.provider.badge.permission.READ" />
49-->[me.leolin:ShortcutBadger:1.1.22] AndroidManifest.xml:19:5-86
49-->[me.leolin:ShortcutBadger:1.1.22] AndroidManifest.xml:19:22-83
50    <uses-permission android:name="com.sec.android.provider.badge.permission.WRITE" /> <!-- for htc -->
50-->[me.leolin:ShortcutBadger:1.1.22] AndroidManifest.xml:20:5-87
50-->[me.leolin:ShortcutBadger:1.1.22] AndroidManifest.xml:20:22-84
51    <uses-permission android:name="com.htc.launcher.permission.READ_SETTINGS" />
51-->[me.leolin:ShortcutBadger:1.1.22] AndroidManifest.xml:23:5-81
51-->[me.leolin:ShortcutBadger:1.1.22] AndroidManifest.xml:23:22-78
52    <uses-permission android:name="com.htc.launcher.permission.UPDATE_SHORTCUT" /> <!-- for sony -->
52-->[me.leolin:ShortcutBadger:1.1.22] AndroidManifest.xml:24:5-83
52-->[me.leolin:ShortcutBadger:1.1.22] AndroidManifest.xml:24:22-80
53    <uses-permission android:name="com.sonyericsson.home.permission.BROADCAST_BADGE" />
53-->[me.leolin:ShortcutBadger:1.1.22] AndroidManifest.xml:27:5-88
53-->[me.leolin:ShortcutBadger:1.1.22] AndroidManifest.xml:27:22-85
54    <uses-permission android:name="com.sonymobile.home.permission.PROVIDER_INSERT_BADGE" /> <!-- for apex -->
54-->[me.leolin:ShortcutBadger:1.1.22] AndroidManifest.xml:28:5-92
54-->[me.leolin:ShortcutBadger:1.1.22] AndroidManifest.xml:28:22-89
55    <uses-permission android:name="com.anddoes.launcher.permission.UPDATE_COUNT" /> <!-- for solid -->
55-->[me.leolin:ShortcutBadger:1.1.22] AndroidManifest.xml:31:5-84
55-->[me.leolin:ShortcutBadger:1.1.22] AndroidManifest.xml:31:22-81
56    <uses-permission android:name="com.majeur.launcher.permission.UPDATE_BADGE" /> <!-- for huawei -->
56-->[me.leolin:ShortcutBadger:1.1.22] AndroidManifest.xml:34:5-83
56-->[me.leolin:ShortcutBadger:1.1.22] AndroidManifest.xml:34:22-80
57    <uses-permission android:name="com.huawei.android.launcher.permission.CHANGE_BADGE" />
57-->[me.leolin:ShortcutBadger:1.1.22] AndroidManifest.xml:37:5-91
57-->[me.leolin:ShortcutBadger:1.1.22] AndroidManifest.xml:37:22-88
58    <uses-permission android:name="com.huawei.android.launcher.permission.READ_SETTINGS" />
58-->[me.leolin:ShortcutBadger:1.1.22] AndroidManifest.xml:38:5-92
58-->[me.leolin:ShortcutBadger:1.1.22] AndroidManifest.xml:38:22-89
59    <uses-permission android:name="com.huawei.android.launcher.permission.WRITE_SETTINGS" /> <!-- for ZUK -->
59-->[me.leolin:ShortcutBadger:1.1.22] AndroidManifest.xml:39:5-93
59-->[me.leolin:ShortcutBadger:1.1.22] AndroidManifest.xml:39:22-90
60    <uses-permission android:name="android.permission.READ_APP_BADGE" /> <!-- for OPPO -->
60-->[me.leolin:ShortcutBadger:1.1.22] AndroidManifest.xml:42:5-73
60-->[me.leolin:ShortcutBadger:1.1.22] AndroidManifest.xml:42:22-70
61    <uses-permission android:name="com.oppo.launcher.permission.READ_SETTINGS" />
61-->[me.leolin:ShortcutBadger:1.1.22] AndroidManifest.xml:45:5-82
61-->[me.leolin:ShortcutBadger:1.1.22] AndroidManifest.xml:45:22-79
62    <uses-permission android:name="com.oppo.launcher.permission.WRITE_SETTINGS" /> <!-- for EvMe -->
62-->[me.leolin:ShortcutBadger:1.1.22] AndroidManifest.xml:46:5-83
62-->[me.leolin:ShortcutBadger:1.1.22] AndroidManifest.xml:46:22-80
63    <uses-permission android:name="me.everything.badger.permission.BADGE_COUNT_READ" />
63-->[me.leolin:ShortcutBadger:1.1.22] AndroidManifest.xml:49:5-88
63-->[me.leolin:ShortcutBadger:1.1.22] AndroidManifest.xml:49:22-85
64    <uses-permission android:name="me.everything.badger.permission.BADGE_COUNT_WRITE" />
64-->[me.leolin:ShortcutBadger:1.1.22] AndroidManifest.xml:50:5-89
64-->[me.leolin:ShortcutBadger:1.1.22] AndroidManifest.xml:50:22-86
65
66    <application
66-->src\main\AndroidManifest.xml:4:4-46:19
67        android:allowBackup="true"
67-->[com.tappx.sdk.android:tappx-sdk:3.2.6] AndroidManifest.xml:16:9-35
68        android:appComponentFactory="androidx.core.app.CoreComponentFactory"
68-->[androidx.core:core:1.7.0] AndroidManifest.xml:24:18-86
69        android:icon="@mipmap/ic_launcher"
69-->src\main\AndroidManifest.xml:6:9-43
70        android:label="African Chamber"
70-->src\main\AndroidManifest.xml:5:9-40
71        android:supportsRtl="true" >
71-->[com.tappx.sdk.android:tappx-sdk:3.2.6] AndroidManifest.xml:17:9-35
72        <activity
72-->src\main\AndroidManifest.xml:8:9-37:20
73            android:name="com.african.chamber.MainActivity"
73-->src\main\AndroidManifest.xml:9:13-41
74            android:configChanges="orientation|keyboardHidden|keyboard|screenSize|smallestScreenSize|locale|layoutDirection|fontScale|screenLayout|density|uiMode"
74-->src\main\AndroidManifest.xml:13:13-163
75            android:exported="true"
75-->src\main\AndroidManifest.xml:10:13-36
76            android:hardwareAccelerated="true"
76-->src\main\AndroidManifest.xml:14:13-47
77            android:launchMode="singleTop"
77-->src\main\AndroidManifest.xml:11:13-43
78            android:theme="@style/LaunchTheme"
78-->src\main\AndroidManifest.xml:12:13-47
79            android:windowSoftInputMode="adjustResize" >
79-->src\main\AndroidManifest.xml:15:13-55
80
81            <!--
82                 Specifies an Android theme to apply to this Activity as soon as
83                 the Android process has started. This theme is visible to the user
84                 while the Flutter UI initializes. After that, this theme continues
85                 to determine the Window background behind the Flutter UI.
86            -->
87            <meta-data
87-->src\main\AndroidManifest.xml:20:13-23:17
88                android:name="io.flutter.embedding.android.NormalTheme"
88-->src\main\AndroidManifest.xml:21:15-70
89                android:resource="@style/NormalTheme" />
89-->src\main\AndroidManifest.xml:22:15-52
90            <!--
91                 Displays an Android View that continues showing the launch screen
92                 Drawable until Flutter paints its first frame, then this splash
93                 screen fades out. A splash screen is useful to avoid any visual
94                 gap between the end of Android's launch screen and the painting of
95                 Flutter's first frame.
96            -->
97            <meta-data
97-->src\main\AndroidManifest.xml:29:13-32:17
98                android:name="io.flutter.embedding.android.SplashScreenDrawable"
98-->src\main\AndroidManifest.xml:30:15-79
99                android:resource="@drawable/launch_background" />
99-->src\main\AndroidManifest.xml:31:15-61
100
101            <intent-filter>
101-->src\main\AndroidManifest.xml:33:13-36:29
102                <action android:name="android.intent.action.MAIN" />
102-->src\main\AndroidManifest.xml:34:17-68
102-->src\main\AndroidManifest.xml:34:25-66
103
104                <category android:name="android.intent.category.LAUNCHER" />
104-->src\main\AndroidManifest.xml:35:17-76
104-->src\main\AndroidManifest.xml:35:27-74
105            </intent-filter>
106        </activity>
107        <!--
108             Don't delete the meta-data below.
109             This is used by the Flutter tool to generate GeneratedPluginRegistrant.java
110        -->
111        <meta-data
111-->src\main\AndroidManifest.xml:40:9-42:33
112            android:name="flutterEmbedding"
112-->src\main\AndroidManifest.xml:41:13-44
113            android:value="2" />
113-->src\main\AndroidManifest.xml:42:13-30
114        <meta-data
114-->src\main\AndroidManifest.xml:43:9-45:69
115            android:name="com.google.android.gms.ads.APPLICATION_ID"
115-->src\main\AndroidManifest.xml:44:13-69
116            android:value="ca-app-pub-4096410892355332~4055597832" />
116-->src\main\AndroidManifest.xml:45:13-67
117
118        <service
118-->[:cloud_firestore] AndroidManifest.xml:8:9-12:19
119            android:name="com.google.firebase.components.ComponentDiscoveryService"
119-->[:cloud_firestore] AndroidManifest.xml:8:18-89
120            android:directBootAware="true"
120-->[com.google.firebase:firebase-common:20.0.0] AndroidManifest.xml:35:13-43
121            android:exported="false" >
121-->[com.google.firebase:firebase-auth:21.0.1] AndroidManifest.xml:76:13-37
122            <meta-data
122-->[:cloud_firestore] AndroidManifest.xml:9:13-11:85
123                android:name="com.google.firebase.components:io.flutter.plugins.firebase.firestore.FlutterFirebaseFirestoreRegistrar"
123-->[:cloud_firestore] AndroidManifest.xml:10:17-134
124                android:value="com.google.firebase.components.ComponentRegistrar" />
124-->[:cloud_firestore] AndroidManifest.xml:11:17-82
125            <meta-data
125-->[:firebase_auth] AndroidManifest.xml:9:13-11:85
126                android:name="com.google.firebase.components:io.flutter.plugins.firebase.auth.FlutterFirebaseAuthRegistrar"
126-->[:firebase_auth] AndroidManifest.xml:10:17-124
127                android:value="com.google.firebase.components.ComponentRegistrar" />
127-->[:firebase_auth] AndroidManifest.xml:11:17-82
128            <meta-data
128-->[:firebase_storage] AndroidManifest.xml:9:13-11:85
129                android:name="com.google.firebase.components:io.flutter.plugins.firebase.storage.FlutterFirebaseAppRegistrar"
129-->[:firebase_storage] AndroidManifest.xml:10:17-126
130                android:value="com.google.firebase.components.ComponentRegistrar" />
130-->[:firebase_storage] AndroidManifest.xml:11:17-82
131            <meta-data
131-->[:firebase_core] AndroidManifest.xml:9:13-11:85
132                android:name="com.google.firebase.components:io.flutter.plugins.firebase.core.FlutterFirebaseCoreRegistrar"
132-->[:firebase_core] AndroidManifest.xml:10:17-124
133                android:value="com.google.firebase.components.ComponentRegistrar" />
133-->[:firebase_core] AndroidManifest.xml:11:17-82
134            <meta-data
134-->[com.google.firebase:firebase-auth:21.0.1] AndroidManifest.xml:77:13-79:85
135                android:name="com.google.firebase.components:com.google.firebase.auth.FirebaseAuthRegistrar"
135-->[com.google.firebase:firebase-auth:21.0.1] AndroidManifest.xml:78:17-109
136                android:value="com.google.firebase.components.ComponentRegistrar" />
136-->[com.google.firebase:firebase-auth:21.0.1] AndroidManifest.xml:79:17-82
137            <meta-data
137-->[com.google.firebase:firebase-firestore:24.0.0] AndroidManifest.xml:20:13-22:85
138                android:name="com.google.firebase.components:com.google.firebase.firestore.FirestoreRegistrar"
138-->[com.google.firebase:firebase-firestore:24.0.0] AndroidManifest.xml:21:17-111
139                android:value="com.google.firebase.components.ComponentRegistrar" />
139-->[com.google.firebase:firebase-firestore:24.0.0] AndroidManifest.xml:22:17-82
140            <meta-data
140-->[com.google.firebase:firebase-storage:20.0.0] AndroidManifest.xml:33:13-35:85
141                android:name="com.google.firebase.components:com.google.firebase.storage.StorageRegistrar"
141-->[com.google.firebase:firebase-storage:20.0.0] AndroidManifest.xml:34:17-107
142                android:value="com.google.firebase.components.ComponentRegistrar" />
142-->[com.google.firebase:firebase-storage:20.0.0] AndroidManifest.xml:35:17-82
143            <meta-data
143-->[com.google.android.gms:play-services-measurement-api:20.0.1] AndroidManifest.xml:30:13-32:85
144                android:name="com.google.firebase.components:com.google.firebase.analytics.connector.internal.AnalyticsConnectorRegistrar"
144-->[com.google.android.gms:play-services-measurement-api:20.0.1] AndroidManifest.xml:31:17-139
145                android:value="com.google.firebase.components.ComponentRegistrar" />
145-->[com.google.android.gms:play-services-measurement-api:20.0.1] AndroidManifest.xml:32:17-82
146            <meta-data
146-->[com.google.firebase:firebase-installations:17.0.0] AndroidManifest.xml:18:13-20:85
147                android:name="com.google.firebase.components:com.google.firebase.installations.FirebaseInstallationsRegistrar"
147-->[com.google.firebase:firebase-installations:17.0.0] AndroidManifest.xml:19:17-127
148                android:value="com.google.firebase.components.ComponentRegistrar" />
148-->[com.google.firebase:firebase-installations:17.0.0] AndroidManifest.xml:20:17-82
149        </service>
150
151        <receiver
151-->[:awesome_notifications] AndroidManifest.xml:11:9-13:40
152            android:name="me.carda.awesome_notifications.notifications.broadcastReceivers.DismissedNotificationReceiver"
152-->[:awesome_notifications] AndroidManifest.xml:12:13-121
153            android:exported="false" />
153-->[:awesome_notifications] AndroidManifest.xml:13:13-37
154        <receiver
154-->[:awesome_notifications] AndroidManifest.xml:14:9-16:40
155            android:name="me.carda.awesome_notifications.notifications.broadcastReceivers.ScheduledNotificationReceiver"
155-->[:awesome_notifications] AndroidManifest.xml:15:13-121
156            android:exported="false" />
156-->[:awesome_notifications] AndroidManifest.xml:16:13-37
157        <receiver
157-->[:awesome_notifications] AndroidManifest.xml:17:9-19:40
158            android:name="me.carda.awesome_notifications.notifications.broadcastReceivers.KeepOnTopActionReceiver"
158-->[:awesome_notifications] AndroidManifest.xml:18:13-115
159            android:exported="false" />
159-->[:awesome_notifications] AndroidManifest.xml:19:13-37
160        <receiver
160-->[:awesome_notifications] AndroidManifest.xml:20:9-33:20
161            android:name="me.carda.awesome_notifications.notifications.broadcastReceivers.RefreshSchedulesReceiver"
161-->[:awesome_notifications] AndroidManifest.xml:21:13-116
162            android:exported="false" >
162-->[:awesome_notifications] AndroidManifest.xml:22:13-37
163            <intent-filter>
163-->[:awesome_notifications] AndroidManifest.xml:23:13-32:29
164                <category android:name="android.intent.category.DEFAULT" />
164-->[:awesome_notifications] AndroidManifest.xml:24:17-76
164-->[:awesome_notifications] AndroidManifest.xml:24:27-73
165
166                <action android:name="android.intent.action.BOOT_COMPLETED" />
166-->[:awesome_notifications] AndroidManifest.xml:26:17-79
166-->[:awesome_notifications] AndroidManifest.xml:26:25-76
167                <action android:name="android.intent.action.LOCKED_BOOT_COMPLETED" />
167-->[:awesome_notifications] AndroidManifest.xml:27:17-86
167-->[:awesome_notifications] AndroidManifest.xml:27:25-83
168                <action android:name="android.intent.action.MY_PACKAGE_REPLACED" />
168-->[:awesome_notifications] AndroidManifest.xml:28:17-84
168-->[:awesome_notifications] AndroidManifest.xml:28:25-81
169                <action android:name="android.intent.action.QUICKBOOT_POWERON" />
169-->[:awesome_notifications] AndroidManifest.xml:29:17-82
169-->[:awesome_notifications] AndroidManifest.xml:29:25-79
170                <action android:name="com.htc.intent.action.QUICKBOOT_POWERON" />
170-->[:awesome_notifications] AndroidManifest.xml:30:17-82
170-->[:awesome_notifications] AndroidManifest.xml:30:25-79
171                <action android:name="android.app.action.SCHEDULE_EXACT_ALARM_PERMISSION_STATE_CHANGED" />
171-->[:awesome_notifications] AndroidManifest.xml:31:17-107
171-->[:awesome_notifications] AndroidManifest.xml:31:25-104
172            </intent-filter>
173        </receiver>
174
175        <meta-data
175-->[:google_mobile_ads] AndroidManifest.xml:10:9-12:36
176            android:name="io.flutter.embedded_views_preview"
176-->[:google_mobile_ads] AndroidManifest.xml:11:13-61
177            android:value="true" />
177-->[:google_mobile_ads] AndroidManifest.xml:12:13-33
178
179        <uses-library
179-->[androidx.window:window:1.0.0-beta04] AndroidManifest.xml:25:9-27:40
180            android:name="androidx.window.extensions"
180-->[androidx.window:window:1.0.0-beta04] AndroidManifest.xml:26:13-54
181            android:required="false" />
181-->[androidx.window:window:1.0.0-beta04] AndroidManifest.xml:27:13-37
182        <uses-library
182-->[androidx.window:window:1.0.0-beta04] AndroidManifest.xml:28:9-30:40
183            android:name="androidx.window.sidecar"
183-->[androidx.window:window:1.0.0-beta04] AndroidManifest.xml:29:13-51
184            android:required="false" />
184-->[androidx.window:window:1.0.0-beta04] AndroidManifest.xml:30:13-37
185
186        <activity
186-->[com.tappx.sdk.android:tappx-sdk:3.2.6] AndroidManifest.xml:18:9-20:77
187            android:name="com.tappx.sdk.android.AdActivity"
187-->[com.tappx.sdk.android:tappx-sdk:3.2.6] AndroidManifest.xml:19:13-60
188            android:configChanges="keyboardHidden|orientation|screenSize" />
188-->[com.tappx.sdk.android:tappx-sdk:3.2.6] AndroidManifest.xml:20:13-74
189        <activity
189-->[com.tappx.sdk.android:tappx-sdk:3.2.6] AndroidManifest.xml:21:9-24:50
190            android:name="com.tappx.sdk.android.InterstitialAdActivity"
190-->[com.tappx.sdk.android:tappx-sdk:3.2.6] AndroidManifest.xml:22:13-72
191            android:configChanges="keyboardHidden|orientation|screenSize"
191-->[com.tappx.sdk.android:tappx-sdk:3.2.6] AndroidManifest.xml:23:13-74
192            android:theme="@style/Transparent" />
192-->[com.tappx.sdk.android:tappx-sdk:3.2.6] AndroidManifest.xml:24:13-47
193        <activity
193-->[com.tappx.sdk.android:tappx-sdk:3.2.6] AndroidManifest.xml:25:9-27:77
194            android:name="com.tappx.sdk.android.VideoAdActivity"
194-->[com.tappx.sdk.android:tappx-sdk:3.2.6] AndroidManifest.xml:26:13-65
195            android:configChanges="keyboardHidden|orientation|screenSize" />
195-->[com.tappx.sdk.android:tappx-sdk:3.2.6] AndroidManifest.xml:27:13-74
196        <activity
196-->[com.tappx.sdk.android:tappx-sdk:3.2.6] AndroidManifest.xml:28:9-30:77
197            android:name="com.tappx.sdk.android.PrivacyConsentActivity"
197-->[com.tappx.sdk.android:tappx-sdk:3.2.6] AndroidManifest.xml:29:13-72
198            android:configChanges="keyboardHidden|orientation|screenSize" />
198-->[com.tappx.sdk.android:tappx-sdk:3.2.6] AndroidManifest.xml:30:13-74
199        <activity
199-->[com.tappx.sdk.android:tappx-sdk:3.2.6] AndroidManifest.xml:31:9-34:50
200            android:name="com.tappx.sdk.android.RewardedVideoActivity"
200-->[com.tappx.sdk.android:tappx-sdk:3.2.6] AndroidManifest.xml:32:13-71
201            android:configChanges="keyboardHidden|orientation|screenSize"
201-->[com.tappx.sdk.android:tappx-sdk:3.2.6] AndroidManifest.xml:33:13-74
202            android:screenOrientation="behind" />
202-->[com.tappx.sdk.android:tappx-sdk:3.2.6] AndroidManifest.xml:34:13-47
203
204        <service
204-->[com.tappx.sdk.android:tappx-sdk:3.2.6] AndroidManifest.xml:36:9-38:39
205            android:name="com.tappx.sdk.android.InstallReferrerService"
205-->[com.tappx.sdk.android:tappx-sdk:3.2.6] AndroidManifest.xml:37:13-72
206            android:exported="true" />
206-->[com.tappx.sdk.android:tappx-sdk:3.2.6] AndroidManifest.xml:38:13-36
207
208        <activity
208-->[com.google.firebase:firebase-auth:21.0.1] AndroidManifest.xml:27:9-44:20
209            android:name="com.google.firebase.auth.internal.GenericIdpActivity"
209-->[com.google.firebase:firebase-auth:21.0.1] AndroidManifest.xml:28:13-80
210            android:excludeFromRecents="true"
210-->[com.google.firebase:firebase-auth:21.0.1] AndroidManifest.xml:29:13-46
211            android:exported="true"
211-->[com.google.firebase:firebase-auth:21.0.1] AndroidManifest.xml:30:13-36
212            android:launchMode="singleTask"
212-->[com.google.firebase:firebase-auth:21.0.1] AndroidManifest.xml:31:13-44
213            android:theme="@android:style/Theme.Translucent.NoTitleBar" >
213-->[com.google.firebase:firebase-auth:21.0.1] AndroidManifest.xml:32:13-72
214            <intent-filter>
214-->[com.google.firebase:firebase-auth:21.0.1] AndroidManifest.xml:33:13-43:29
215                <action android:name="android.intent.action.VIEW" />
215-->[com.google.firebase:firebase-auth:21.0.1] AndroidManifest.xml:34:17-69
215-->[com.google.firebase:firebase-auth:21.0.1] AndroidManifest.xml:34:25-66
216
217                <category android:name="android.intent.category.DEFAULT" />
217-->[:awesome_notifications] AndroidManifest.xml:24:17-76
217-->[:awesome_notifications] AndroidManifest.xml:24:27-73
218                <category android:name="android.intent.category.BROWSABLE" />
218-->[com.google.firebase:firebase-auth:21.0.1] AndroidManifest.xml:37:17-78
218-->[com.google.firebase:firebase-auth:21.0.1] AndroidManifest.xml:37:27-75
219
220                <data
220-->[:file_picker] AndroidManifest.xml:13:13-44
221                    android:host="firebase.auth"
222                    android:path="/"
223                    android:scheme="genericidp" />
224            </intent-filter>
225        </activity>
226        <activity
226-->[com.google.firebase:firebase-auth:21.0.1] AndroidManifest.xml:45:9-62:20
227            android:name="com.google.firebase.auth.internal.RecaptchaActivity"
227-->[com.google.firebase:firebase-auth:21.0.1] AndroidManifest.xml:46:13-79
228            android:excludeFromRecents="true"
228-->[com.google.firebase:firebase-auth:21.0.1] AndroidManifest.xml:47:13-46
229            android:exported="true"
229-->[com.google.firebase:firebase-auth:21.0.1] AndroidManifest.xml:48:13-36
230            android:launchMode="singleTask"
230-->[com.google.firebase:firebase-auth:21.0.1] AndroidManifest.xml:49:13-44
231            android:theme="@android:style/Theme.Translucent.NoTitleBar" >
231-->[com.google.firebase:firebase-auth:21.0.1] AndroidManifest.xml:50:13-72
232            <intent-filter>
232-->[com.google.firebase:firebase-auth:21.0.1] AndroidManifest.xml:51:13-61:29
233                <action android:name="android.intent.action.VIEW" />
233-->[com.google.firebase:firebase-auth:21.0.1] AndroidManifest.xml:34:17-69
233-->[com.google.firebase:firebase-auth:21.0.1] AndroidManifest.xml:34:25-66
234
235                <category android:name="android.intent.category.DEFAULT" />
235-->[:awesome_notifications] AndroidManifest.xml:24:17-76
235-->[:awesome_notifications] AndroidManifest.xml:24:27-73
236                <category android:name="android.intent.category.BROWSABLE" />
236-->[com.google.firebase:firebase-auth:21.0.1] AndroidManifest.xml:37:17-78
236-->[com.google.firebase:firebase-auth:21.0.1] AndroidManifest.xml:37:27-75
237
238                <data
238-->[:file_picker] AndroidManifest.xml:13:13-44
239                    android:host="firebase.auth"
240                    android:path="/"
241                    android:scheme="recaptcha" />
242            </intent-filter>
243        </activity>
244
245        <service
245-->[com.google.firebase:firebase-auth:21.0.1] AndroidManifest.xml:64:9-73:19
246            android:name="com.google.firebase.auth.api.fallback.service.FirebaseAuthFallbackService"
246-->[com.google.firebase:firebase-auth:21.0.1] AndroidManifest.xml:65:13-101
247            android:enabled="true"
247-->[com.google.firebase:firebase-auth:21.0.1] AndroidManifest.xml:66:13-35
248            android:exported="false" >
248-->[com.google.firebase:firebase-auth:21.0.1] AndroidManifest.xml:67:13-37
249            <intent-filter>
249-->[com.google.firebase:firebase-auth:21.0.1] AndroidManifest.xml:68:13-72:29
250                <action android:name="com.google.firebase.auth.api.gms.service.START" />
250-->[com.google.firebase:firebase-auth:21.0.1] AndroidManifest.xml:69:17-89
250-->[com.google.firebase:firebase-auth:21.0.1] AndroidManifest.xml:69:25-86
251
252                <category android:name="android.intent.category.DEFAULT" />
252-->[:awesome_notifications] AndroidManifest.xml:24:17-76
252-->[:awesome_notifications] AndroidManifest.xml:24:27-73
253            </intent-filter>
254        </service>
255
256        <provider
256-->[com.google.firebase:firebase-common:20.0.0] AndroidManifest.xml:26:9-31:39
257            android:name="com.google.firebase.provider.FirebaseInitProvider"
257-->[com.google.firebase:firebase-common:20.0.0] AndroidManifest.xml:27:13-77
258            android:authorities="com.african.chamber.firebaseinitprovider"
258-->[com.google.firebase:firebase-common:20.0.0] AndroidManifest.xml:28:13-72
259            android:directBootAware="true"
259-->[com.google.firebase:firebase-common:20.0.0] AndroidManifest.xml:29:13-43
260            android:exported="false"
260-->[com.google.firebase:firebase-common:20.0.0] AndroidManifest.xml:30:13-37
261            android:initOrder="100" /> <!-- Include the AdActivity and InAppPurchaseActivity configChanges and themes. -->
261-->[com.google.firebase:firebase-common:20.0.0] AndroidManifest.xml:31:13-36
262        <activity
262-->[com.google.android.gms:play-services-ads-lite:20.4.0] AndroidManifest.xml:49:9-53:64
263            android:name="com.google.android.gms.ads.AdActivity"
263-->[com.google.android.gms:play-services-ads-lite:20.4.0] AndroidManifest.xml:50:13-65
264            android:configChanges="keyboard|keyboardHidden|orientation|screenLayout|uiMode|screenSize|smallestScreenSize"
264-->[com.google.android.gms:play-services-ads-lite:20.4.0] AndroidManifest.xml:51:13-122
265            android:exported="false"